Assembler report for SMALL_V14
Tue May 22 20:47:09 2018
Quartus II Version 9.1 Build 222 10/21/2009 SJ Full Version


---------------------
; Table of Contents ;
---------------------
  1. Legal Notice
  2. Assembler Summary
  3. Assembler Settings
  4. Assembler Generated Files
  5. Assembler Device Options: C:/RoboCup_2018/SMALL_V18_Canada/SMALL_V14.sof
  6. Assembler Device Options: C:/RoboCup_2018/SMALL_V18_Canada/SMALL_V14.pof
  7. Assembler Messages



----------------
; Legal Notice ;
----------------
Copyright (C) 1991-2009 Altera Corporation
Your use of Altera Corporation's design tools, logic functions 
and other software and tools, and its AMPP partner logic 
functions, and any output files from any of the foregoing 
(including device programming or simulation files), and any 
associated documentation or information are expressly subject 
to the terms and conditions of the Altera Program License 
Subscription Agreement, Altera MegaCore Function License 
Agreement, or other applicable license agreement, including, 
without limitation, that your use is for the sole purpose of 
programming logic devices manufactured by Altera and sold by 
Altera or its authorized distributors.  Please refer to the 
applicable agreement for further details.



+---------------------------------------------------------------+
; Assembler Summary                                             ;
+-----------------------+---------------------------------------+
; Assembler Status      ; Successful - Tue May 22 20:47:09 2018 ;
; Revision Name         ; SMALL_V14                             ;
; Top-level Entity Name ; SMALL_V14                             ;
; Family                ; Cyclone III                           ;
; Device                ; EP3C25Q240C8                          ;
+-----------------------+---------------------------------------+


+--------------------------------------------------------------------------------------------------------+
; Assembler Settings                                                                                     ;
+-----------------------------------------------------------------------------+----------+---------------+
; Option                                                                      ; Setting  ; Default Value ;
+-----------------------------------------------------------------------------+----------+---------------+
; Use configuration device                                                    ; On       ; Off           ;
; Configuration device                                                        ; Epcs16   ; Auto          ;
; Use smart compilation                                                       ; Off      ; Off           ;
; Enable parallel Assembler and TimeQuest Timing Analyzer during compilation  ; On       ; On            ;
; Enable compact report table                                                 ; Off      ; Off           ;
; Generate compressed bitstreams                                              ; On       ; On            ;
; Compression mode                                                            ; Off      ; Off           ;
; Clock source for configuration device                                       ; Internal ; Internal      ;
; Clock frequency of the configuration device                                 ; 10 MHZ   ; 10 MHz        ;
; Divide clock frequency by                                                   ; 1        ; 1             ;
; Auto user code                                                              ; Off      ; Off           ;
; Configuration device auto user code                                         ; Off      ; Off           ;
; Generate Tabular Text File (.ttf) For Target Device                         ; Off      ; Off           ;
; Generate Raw Binary File (.rbf) For Target Device                           ; Off      ; Off           ;
; Generate Hexadecimal (Intel-Format) Output File (.hexout) for Target Device ; Off      ; Off           ;
; Hexadecimal Output File start address                                       ; 0        ; 0             ;
; Hexadecimal Output File count direction                                     ; Up       ; Up            ;
; Release clears before tri-states                                            ; Off      ; Off           ;
; Auto-restart configuration after error                                      ; On       ; On            ;
; Enable OCT_DONE                                                             ; Off      ; Off           ;
; Generate Serial Vector Format File (.svf) for Target Device                 ; Off      ; Off           ;
; Generate a JEDEC STAPL Format File (.jam) for Target Device                 ; Off      ; Off           ;
; Generate a compressed Jam STAPL Byte Code 2.0 File (.jbc) for Target Device ; Off      ; Off           ;
; Generate a compressed Jam STAPL Byte Code 2.0 File (.jbc) for Target Device ; On       ; On            ;
+-----------------------------------------------------------------------------+----------+---------------+


+------------------------------------------------+
; Assembler Generated Files                      ;
+------------------------------------------------+
; File Name                                      ;
+------------------------------------------------+
; C:/RoboCup_2018/SMALL_V18_Canada/SMALL_V14.sof ;
; C:/RoboCup_2018/SMALL_V18_Canada/SMALL_V14.pof ;
+------------------------------------------------+


+--------------------------------------------------------------------------+
; Assembler Device Options: C:/RoboCup_2018/SMALL_V18_Canada/SMALL_V14.sof ;
+----------------+---------------------------------------------------------+
; Option         ; Setting                                                 ;
+----------------+---------------------------------------------------------+
; Device         ; EP3C25Q240C8                                            ;
; JTAG usercode  ; 0xFFFFFFFF                                              ;
; Checksum       ; 0x00E12D9C                                              ;
+----------------+---------------------------------------------------------+


+--------------------------------------------------------------------------+
; Assembler Device Options: C:/RoboCup_2018/SMALL_V18_Canada/SMALL_V14.pof ;
+--------------------+-----------------------------------------------------+
; Option             ; Setting                                             ;
+--------------------+-----------------------------------------------------+
; Device             ; EPCS16                                              ;
; JTAG usercode      ; 0x00000000                                          ;
; Checksum           ; 0x1BC45201                                          ;
; Compression Ratio  ; 1                                                   ;
+--------------------+-----------------------------------------------------+


+--------------------+
; Assembler Messages ;
+--------------------+
Info: *******************************************************************
Info: Running Quartus II Assembler
    Info: Version 9.1 Build 222 10/21/2009 SJ Full Version
    Info: Processing started: Tue May 22 20:47:06 2018
Info: Command: quartus_asm --read_settings_files=off --write_settings_files=off SMALL_V14 -c SMALL_V14
Info: Writing out detailed assembly data for power analysis
Info: Assembler is generating device programming files
Info: Quartus II Assembler was successful. 0 errors, 0 warnings
    Info: Peak virtual memory: 237 megabytes
    Info: Processing ended: Tue May 22 20:47:09 2018
    Info: Elapsed time: 00:00:03
    Info: Total CPU time (on all processors): 00:00:04


