Flow report for filter
Fri Dec 31 20:40:02 2010
Quartus II Version 9.1 Build 222 10/21/2009 SJ Full Version


---------------------
; Table of Contents ;
---------------------
  1. Legal Notice
  2. Flow Summary
  3. Flow Settings
  4. Flow Non-Default Global Settings
  5. Flow Elapsed Time
  6. Flow OS Summary
  7. Flow Log



----------------
; Legal Notice ;
----------------
Copyright (C) 1991-2009 Altera Corporation
Your use of Altera Corporation's design tools, logic functions 
and other software and tools, and its AMPP partner logic 
functions, and any output files from any of the foregoing 
(including device programming or simulation files), and any 
associated documentation or information are expressly subject 
to the terms and conditions of the Altera Program License 
Subscription Agreement, Altera MegaCore Function License 
Agreement, or other applicable license agreement, including, 
without limitation, that your use is for the sole purpose of 
programming logic devices manufactured by Altera and sold by 
Altera or its authorized distributors.  Please refer to the 
applicable agreement for further details.



+-------------------------------------------------------------------------------+
; Flow Summary                                                                  ;
+------------------------------------+------------------------------------------+
; Flow Status                        ; Successful - Fri Dec 31 20:39:54 2010    ;
; Quartus II Version                 ; 9.1 Build 222 10/21/2009 SJ Full Version ;
; Revision Name                      ; filter                                   ;
; Top-level Entity Name              ; Filter                                   ;
; Family                             ; Cyclone III                              ;
; Device                             ; EP3C25Q240C8                             ;
; Timing Models                      ; Final                                    ;
; Met timing requirements            ; N/A                                      ;
; Total logic elements               ; 1,033 / 24,624 ( 4 % )                   ;
;     Total combinational functions  ; 1,022 / 24,624 ( 4 % )                   ;
;     Dedicated logic registers      ; 221 / 24,624 ( < 1 % )                   ;
; Total registers                    ; 221                                      ;
; Total pins                         ; 68 / 149 ( 46 % )                        ;
; Total virtual pins                 ; 0                                        ;
; Total memory bits                  ; 6,144 / 608,256 ( 1 % )                  ;
; Embedded Multiplier 9-bit elements ; 4 / 132 ( 3 % )                          ;
; Total PLLs                         ; 0 / 4 ( 0 % )                            ;
+------------------------------------+------------------------------------------+


+-----------------------------------------+
; Flow Settings                           ;
+-------------------+---------------------+
; Option            ; Setting             ;
+-------------------+---------------------+
; Start date & time ; 12/31/2010 20:39:04 ;
; Main task         ; Compilation         ;
; Revision Name     ; filter              ;
+-------------------+---------------------+


+---------------------------------------------------------------------------------------------------------------------------------------+
; Flow Non-Default Global Settings                                                                                                      ;
+------------------------------------+---------------------------------------------------+---------------+-------------+----------------+
; Assignment Name                    ; Value                                             ; Default Value ; Entity Name ; Section Id     ;
+------------------------------------+---------------------------------------------------+---------------+-------------+----------------+
; COMPILER_SIGNATURE_ID              ; 141737227397.129379914304704                      ; --            ; --          ; --             ;
; IP_TOOL_NAME                       ; LPM_RAM_DP                                        ; --            ; --          ; --             ;
; IP_TOOL_VERSION                    ; 9.1                                               ; --            ; --          ; --             ;
; MAX_CORE_JUNCTION_TEMP             ; 85                                                ; --            ; --          ; --             ;
; MIN_CORE_JUNCTION_TEMP             ; 0                                                 ; --            ; --          ; --             ;
; MISC_FILE                          ; lpm_ram_dp0.bsf                                   ; --            ; --          ; --             ;
; MISC_FILE                          ; lpm_ram_dp0_bb.v                                  ; --            ; --          ; --             ;
; NOMINAL_CORE_SUPPLY_VOLTAGE        ; 1.2V                                              ; --            ; --          ; --             ;
; PARTITION_COLOR                    ; 16764057                                          ; --            ; --          ; Top            ;
; PARTITION_NETLIST_TYPE             ; SOURCE                                            ; --            ; --          ; Top            ;
; SEARCH_PATH                        ; e:\project\svn_ssl\trunk\embeded_sw\motorcontrol/ ; --            ; --          ; --             ;
; SEARCH_PATH                        ; F:\project\ssl\trunk\embeded_sw\motorcontrol/     ; --            ; --          ; --             ;
; USE_GENERATED_PHYSICAL_CONSTRAINTS ; Off                                               ; --            ; --          ; eda_blast_fpga ;
+------------------------------------+---------------------------------------------------+---------------+-------------+----------------+


+-------------------------------------------------------------------------------------------------------------------------------+
; Flow Elapsed Time                                                                                                             ;
+---------------------------+--------------+-------------------------+---------------------+------------------------------------+
; Module Name               ; Elapsed Time ; Average Processors Used ; Peak Virtual Memory ; Total CPU Time (on all processors) ;
+---------------------------+--------------+-------------------------+---------------------+------------------------------------+
; Analysis & Synthesis      ; 00:00:13     ; 1.0                     ; 185 MB              ; 00:00:13                           ;
; Fitter                    ; 00:00:26     ; 1.3                     ; 260 MB              ; 00:00:29                           ;
; TimeQuest Timing Analyzer ; 00:00:14     ; 1.0                     ; 188 MB              ; 00:00:14                           ;
; Assembler                 ; 00:00:05     ; 1.0                     ; 197 MB              ; 00:00:05                           ;
; Total                     ; 00:00:53     ; --                      ; --                  ; 00:00:56                           ;
+---------------------------+--------------+-------------------------+---------------------+------------------------------------+


+-----------------------------------------------------------------------------------------+
; Flow OS Summary                                                                         ;
+---------------------------+------------------+------------+------------+----------------+
; Module Name               ; Machine Hostname ; OS Name    ; OS Version ; Processor type ;
+---------------------------+------------------+------------+------------+----------------+
; Analysis & Synthesis      ; PC-201009301524  ; Windows XP ; 5.1        ; i1786          ;
; Fitter                    ; PC-201009301524  ; Windows XP ; 5.1        ; i1786          ;
; Assembler                 ; PC-201009301524  ; Windows XP ; 5.1        ; i1786          ;
; TimeQuest Timing Analyzer ; PC-201009301524  ; Windows XP ; 5.1        ; i1786          ;
+---------------------------+------------------+------------+------------+----------------+


------------
; Flow Log ;
------------
quartus_map --read_settings_files=on --write_settings_files=off filter -c filter
quartus_fit --read_settings_files=off --write_settings_files=off filter -c filter
quartus_asm --read_settings_files=off --write_settings_files=off filter -c filter
quartus_sta filter -c filter



